10-Mar-2025 20:35:01.544 INFORMAÇÕES [main] org.apache.catalina.startup.VersionLoggerListener.log Server version name:   Apache Tomcat/8.5.50
10-Mar-2025 20:35:01.545 INFORMAÇÕES [main] org.apache.catalina.startup.VersionLoggerListener.log Server built:          Dec 7 2019 19:19:46 UTC
10-Mar-2025 20:35:01.545 INFORMAÇÕES [main] org.apache.catalina.startup.VersionLoggerListener.log Server version number: 8.5.50.0
10-Mar-2025 20:35:01.545 INFORMAÇÕES [main] org.apache.catalina.startup.VersionLoggerListener.log OS Name:               Linux
10-Mar-2025 20:35:01.546 INFORMAÇÕES [main] org.apache.catalina.startup.VersionLoggerListener.log OS Version:            6.11.0-19-generic
10-Mar-2025 20:35:01.546 INFORMAÇÕES [main] org.apache.catalina.startup.VersionLoggerListener.log Architecture:          amd64
10-Mar-2025 20:35:01.546 INFORMAÇÕES [main] org.apache.catalina.startup.VersionLoggerListener.log Java Home:             /usr/lib/jvm/java-8-openjdk-amd64/jre
10-Mar-2025 20:35:01.546 INFORMAÇÕES [main] org.apache.catalina.startup.VersionLoggerListener.log JVM Version:           1.8.0_442-8u442-b06~us1-0ubuntu1~24.04-b06
10-Mar-2025 20:35:01.546 INFORMAÇÕES [main] org.apache.catalina.startup.VersionLoggerListener.log JVM Vendor:            Private Build
10-Mar-2025 20:35:01.546 INFORMAÇÕES [main] org.apache.catalina.startup.VersionLoggerListener.log CATALINA_BASE:         /home/helio/Documentos/estudos-2025/Devops/tomcat/apache-tomcat-8.5.50
10-Mar-2025 20:35:01.546 INFORMAÇÕES [main] org.apache.catalina.startup.VersionLoggerListener.log CATALINA_HOME:         /home/helio/Documentos/estudos-2025/Devops/tomcat/apache-tomcat-8.5.50
10-Mar-2025 20:35:01.546 INFORMAÇÕES [main] org.apache.catalina.startup.VersionLoggerListener.log Command line argument: -Djava.util.logging.config.file=/home/helio/Documentos/estudos-2025/Devops/tomcat/apache-tomcat-8.5.50/conf/logging.properties
10-Mar-2025 20:35:01.546 INFORMAÇÕES [main] org.apache.catalina.startup.VersionLoggerListener.log Command line argument: -Djava.util.logging.manager=org.apache.juli.ClassLoaderLogManager
10-Mar-2025 20:35:01.546 INFORMAÇÕES [main] org.apache.catalina.startup.VersionLoggerListener.log Command line argument: -Djdk.tls.ephemeralDHKeySize=2048
10-Mar-2025 20:35:01.546 INFORMAÇÕES [main] org.apache.catalina.startup.VersionLoggerListener.log Command line argument: -Djava.protocol.handler.pkgs=org.apache.catalina.webresources
10-Mar-2025 20:35:01.546 INFORMAÇÕES [main] org.apache.catalina.startup.VersionLoggerListener.log Command line argument: -Dorg.apache.catalina.security.SecurityListener.UMASK=0027
10-Mar-2025 20:35:01.546 INFORMAÇÕES [main] org.apache.catalina.startup.VersionLoggerListener.log Command line argument: -Dignore.endorsed.dirs=
10-Mar-2025 20:35:01.546 INFORMAÇÕES [main] org.apache.catalina.startup.VersionLoggerListener.log Command line argument: -Dcatalina.base=/home/helio/Documentos/estudos-2025/Devops/tomcat/apache-tomcat-8.5.50
10-Mar-2025 20:35:01.546 INFORMAÇÕES [main] org.apache.catalina.startup.VersionLoggerListener.log Command line argument: -Dcatalina.home=/home/helio/Documentos/estudos-2025/Devops/tomcat/apache-tomcat-8.5.50
10-Mar-2025 20:35:01.546 INFORMAÇÕES [main] org.apache.catalina.startup.VersionLoggerListener.log Command line argument: -Djava.io.tmpdir=/home/helio/Documentos/estudos-2025/Devops/tomcat/apache-tomcat-8.5.50/temp
10-Mar-2025 20:35:01.547 INFORMAÇÕES [main] org.apache.catalina.core.AprLifecycleListener.lifecycleEvent The APR based Apache Tomcat Native library which allows optimal performance in production environments was not found on the java.library.path: [/usr/java/packages/lib/amd64:/usr/lib/x86_64-linux-gnu/jni:/lib/x86_64-linux-gnu:/usr/lib/x86_64-linux-gnu:/usr/lib/jni:/lib:/usr/lib]
10-Mar-2025 20:35:01.595 INFORMAÇÕES [main] org.apache.coyote.AbstractProtocol.init Initializing ProtocolHandler ["http-nio-8001"]
10-Mar-2025 20:35:01.599 INFORMAÇÕES [main] org.apache.tomcat.util.net.NioSelectorPool.getSharedSelector Using a shared selector for servlet write/read
10-Mar-2025 20:35:01.605 INFORMAÇÕES [main] org.apache.coyote.AbstractProtocol.init Initializing ProtocolHandler ["ajp-nio-8009"]
10-Mar-2025 20:35:01.605 INFORMAÇÕES [main] org.apache.tomcat.util.net.NioSelectorPool.getSharedSelector Using a shared selector for servlet write/read
10-Mar-2025 20:35:01.606 INFORMAÇÕES [main] org.apache.catalina.startup.Catalina.load Initialization processed in 293 ms
10-Mar-2025 20:35:01.622 INFORMAÇÕES [main] org.apache.catalina.core.StandardService.startInternal Starting service [Catalina]
10-Mar-2025 20:35:01.622 INFORMAÇÕES [main] org.apache.catalina.core.StandardEngine.startInternal Starting Servlet Engine: Apache Tomcat/8.5.50
10-Mar-2025 20:35:01.627 INFORMAÇÕES [localhost-startStop-1] org.apache.catalina.startup.HostConfig.deployDirectory Deploying web application directory [/home/helio/Documentos/estudos-2025/Devops/tomcat/apache-tomcat-8.5.50/webapps/host-manager]
10-Mar-2025 20:35:01.763 INFORMAÇÕES [localhost-startStop-1] org.apache.catalina.startup.HostConfig.deployDirectory Deployment of web application directory [/home/helio/Documentos/estudos-2025/Devops/tomcat/apache-tomcat-8.5.50/webapps/host-manager] has finished in [136] ms
10-Mar-2025 20:35:01.763 INFORMAÇÕES [localhost-startStop-1] org.apache.catalina.startup.HostConfig.deployDirectory Deploying web application directory [/home/helio/Documentos/estudos-2025/Devops/tomcat/apache-tomcat-8.5.50/webapps/docs]
10-Mar-2025 20:35:01.771 INFORMAÇÕES [localhost-startStop-1] org.apache.catalina.startup.HostConfig.deployDirectory Deployment of web application directory [/home/helio/Documentos/estudos-2025/Devops/tomcat/apache-tomcat-8.5.50/webapps/docs] has finished in [8] ms
10-Mar-2025 20:35:01.771 INFORMAÇÕES [localhost-startStop-1] org.apache.catalina.startup.HostConfig.deployDirectory Deploying web application directory [/home/helio/Documentos/estudos-2025/Devops/tomcat/apache-tomcat-8.5.50/webapps/manager]
10-Mar-2025 20:35:01.785 INFORMAÇÕES [localhost-startStop-1] org.apache.catalina.startup.HostConfig.deployDirectory Deployment of web application directory [/home/helio/Documentos/estudos-2025/Devops/tomcat/apache-tomcat-8.5.50/webapps/manager] has finished in [14] ms
10-Mar-2025 20:35:01.785 INFORMAÇÕES [localhost-startStop-1] org.apache.catalina.startup.HostConfig.deployDirectory Deploying web application directory [/home/helio/Documentos/estudos-2025/Devops/tomcat/apache-tomcat-8.5.50/webapps/examples]
10-Mar-2025 20:35:01.885 INFORMAÇÕES [localhost-startStop-1] org.apache.catalina.startup.HostConfig.deployDirectory Deployment of web application directory [/home/helio/Documentos/estudos-2025/Devops/tomcat/apache-tomcat-8.5.50/webapps/examples] has finished in [100] ms
10-Mar-2025 20:35:01.885 INFORMAÇÕES [localhost-startStop-1] org.apache.catalina.startup.HostConfig.deployDirectory Deploying web application directory [/home/helio/Documentos/estudos-2025/Devops/tomcat/apache-tomcat-8.5.50/webapps/ROOT]
10-Mar-2025 20:35:01.893 INFORMAÇÕES [localhost-startStop-1] org.apache.catalina.startup.HostConfig.deployDirectory Deployment of web application directory [/home/helio/Documentos/estudos-2025/Devops/tomcat/apache-tomcat-8.5.50/webapps/ROOT] has finished in [8] ms
10-Mar-2025 20:35:01.894 INFORMAÇÕES [main] org.apache.coyote.AbstractProtocol.start Starting ProtocolHandler ["http-nio-8001"]
10-Mar-2025 20:35:01.898 INFORMAÇÕES [main] org.apache.coyote.AbstractProtocol.start Starting ProtocolHandler ["ajp-nio-8009"]
10-Mar-2025 20:35:01.899 INFORMAÇÕES [main] org.apache.catalina.startup.Catalina.start Server startup in 293 ms
10-Mar-2025 20:37:01.905 INFORMAÇÕES [ContainerBackgroundProcessor[StandardEngine[Catalina]]] org.apache.catalina.users.MemoryUserDatabase.backgroundProcess Reloading memory user database [UserDatabase] from updated source [file:/home/helio/Documentos/estudos-2025/Devops/tomcat/apache-tomcat-8.5.50/conf/tomcat-users.xml]
10-Mar-2025 20:37:01.911 GRAVE [ContainerBackgroundProcessor[StandardEngine[Catalina]]] org.apache.tomcat.util.digester.Digester.fatalError Parse Fatal Error at line 46 column 1: O conteúdo não é permitido na seção à esquerda.
	org.xml.sax.SAXParseException; lineNumber: 46; columnNumber: 1; O conteúdo não é permitido na seção à esquerda.
		at com.sun.org.apache.xerces.internal.util.ErrorHandlerWrapper.createSAXParseException(ErrorHandlerWrapper.java:204)
		at com.sun.org.apache.xerces.internal.util.ErrorHandlerWrapper.fatalError(ErrorHandlerWrapper.java:178)
		at com.sun.org.apache.xerces.internal.impl.XMLErrorReporter.reportError(XMLErrorReporter.java:399)
		at com.sun.org.apache.xerces.internal.impl.XMLErrorReporter.reportError(XMLErrorReporter.java:326)
		at com.sun.org.apache.xerces.internal.impl.XMLScanner.reportFatalError(XMLScanner.java:1466)
		at com.sun.org.apache.xerces.internal.impl.XMLDocumentScannerImpl$TrailingMiscDriver.next(XMLDocumentScannerImpl.java:1430)
		at com.sun.org.apache.xerces.internal.impl.XMLDocumentScannerImpl.next(XMLDocumentScannerImpl.java:601)
		at com.sun.org.apache.xerces.internal.impl.XMLDocumentFragmentScannerImpl.scanDocument(XMLDocumentFragmentScannerImpl.java:504)
		at com.sun.org.apache.xerces.internal.parsers.XML11Configuration.parse(XML11Configuration.java:841)
		at com.sun.org.apache.xerces.internal.parsers.XML11Configuration.parse(XML11Configuration.java:770)
		at com.sun.org.apache.xerces.internal.parsers.XMLParser.parse(XMLParser.java:141)
		at com.sun.org.apache.xerces.internal.parsers.AbstractSAXParser.parse(AbstractSAXParser.java:1213)
		at com.sun.org.apache.xerces.internal.jaxp.SAXParserImpl$JAXPSAXParser.parse(SAXParserImpl.java:642)
		at org.apache.tomcat.util.digester.Digester.parse(Digester.java:1510)
		at org.apache.catalina.users.MemoryUserDatabase.open(MemoryUserDatabase.java:452)
		at org.apache.catalina.users.MemoryUserDatabase.backgroundProcess(MemoryUserDatabase.java:688)
		at org.apache.catalina.realm.UserDatabaseRealm.backgroundProcess(UserDatabaseRealm.java:160)
		at org.apache.catalina.realm.CombinedRealm.backgroundProcess(CombinedRealm.java:308)
		at org.apache.catalina.core.ContainerBase.backgroundProcess(ContainerBase.java:1145)
		at org.apache.catalina.core.ContainerBase$ContainerBackgroundProcessor.processChildren(ContainerBase.java:1381)
		at org.apache.catalina.core.ContainerBase$ContainerBackgroundProcessor.run(ContainerBase.java:1353)
		at java.lang.Thread.run(Thread.java:750)
10-Mar-2025 20:37:01.911 GRAVE [ContainerBackgroundProcessor[StandardEngine[Catalina]]] org.apache.catalina.users.MemoryUserDatabase.backgroundProcess Error reloading memory user database [UserDatabase] from updated source [file:/home/helio/Documentos/estudos-2025/Devops/tomcat/apache-tomcat-8.5.50/conf/tomcat-users.xml]
	org.xml.sax.SAXParseException; lineNumber: 46; columnNumber: 1; O conteúdo não é permitido na seção à esquerda.
		at com.sun.org.apache.xerces.internal.parsers.AbstractSAXParser.parse(AbstractSAXParser.java:1239)
		at com.sun.org.apache.xerces.internal.jaxp.SAXParserImpl$JAXPSAXParser.parse(SAXParserImpl.java:642)
		at org.apache.tomcat.util.digester.Digester.parse(Digester.java:1510)
		at org.apache.catalina.users.MemoryUserDatabase.open(MemoryUserDatabase.java:452)
		at org.apache.catalina.users.MemoryUserDatabase.backgroundProcess(MemoryUserDatabase.java:688)
		at org.apache.catalina.realm.UserDatabaseRealm.backgroundProcess(UserDatabaseRealm.java:160)
		at org.apache.catalina.realm.CombinedRealm.backgroundProcess(CombinedRealm.java:308)
		at org.apache.catalina.core.ContainerBase.backgroundProcess(ContainerBase.java:1145)
		at org.apache.catalina.core.ContainerBase$ContainerBackgroundProcessor.processChildren(ContainerBase.java:1381)
		at org.apache.catalina.core.ContainerBase$ContainerBackgroundProcessor.run(ContainerBase.java:1353)
		at java.lang.Thread.run(Thread.java:750)
10-Mar-2025 20:37:41.915 INFORMAÇÕES [ContainerBackgroundProcessor[StandardEngine[Catalina]]] org.apache.catalina.users.MemoryUserDatabase.backgroundProcess Reloading memory user database [UserDatabase] from updated source [file:/home/helio/Documentos/estudos-2025/Devops/tomcat/apache-tomcat-8.5.50/conf/tomcat-users.xml]
10-Mar-2025 20:37:41.916 GRAVE [ContainerBackgroundProcessor[StandardEngine[Catalina]]] org.apache.tomcat.util.digester.Digester.fatalError Parse Fatal Error at line 46 column 1: O conteúdo não é permitido na seção à esquerda.
	org.xml.sax.SAXParseException; lineNumber: 46; columnNumber: 1; O conteúdo não é permitido na seção à esquerda.
		at com.sun.org.apache.xerces.internal.util.ErrorHandlerWrapper.createSAXParseException(ErrorHandlerWrapper.java:204)
		at com.sun.org.apache.xerces.internal.util.ErrorHandlerWrapper.fatalError(ErrorHandlerWrapper.java:178)
		at com.sun.org.apache.xerces.internal.impl.XMLErrorReporter.reportError(XMLErrorReporter.java:399)
		at com.sun.org.apache.xerces.internal.impl.XMLErrorReporter.reportError(XMLErrorReporter.java:326)
		at com.sun.org.apache.xerces.internal.impl.XMLScanner.reportFatalError(XMLScanner.java:1466)
		at com.sun.org.apache.xerces.internal.impl.XMLDocumentScannerImpl$TrailingMiscDriver.next(XMLDocumentScannerImpl.java:1430)
		at com.sun.org.apache.xerces.internal.impl.XMLDocumentScannerImpl.next(XMLDocumentScannerImpl.java:601)
		at com.sun.org.apache.xerces.internal.impl.XMLDocumentFragmentScannerImpl.scanDocument(XMLDocumentFragmentScannerImpl.java:504)
		at com.sun.org.apache.xerces.internal.parsers.XML11Configuration.parse(XML11Configuration.java:841)
		at com.sun.org.apache.xerces.internal.parsers.XML11Configuration.parse(XML11Configuration.java:770)
		at com.sun.org.apache.xerces.internal.parsers.XMLParser.parse(XMLParser.java:141)
		at com.sun.org.apache.xerces.internal.parsers.AbstractSAXParser.parse(AbstractSAXParser.java:1213)
		at com.sun.org.apache.xerces.internal.jaxp.SAXParserImpl$JAXPSAXParser.parse(SAXParserImpl.java:642)
		at org.apache.tomcat.util.digester.Digester.parse(Digester.java:1510)
		at org.apache.catalina.users.MemoryUserDatabase.open(MemoryUserDatabase.java:452)
		at org.apache.catalina.users.MemoryUserDatabase.backgroundProcess(MemoryUserDatabase.java:688)
		at org.apache.catalina.realm.UserDatabaseRealm.backgroundProcess(UserDatabaseRealm.java:160)
		at org.apache.catalina.realm.CombinedRealm.backgroundProcess(CombinedRealm.java:308)
		at org.apache.catalina.core.ContainerBase.backgroundProcess(ContainerBase.java:1145)
		at org.apache.catalina.core.ContainerBase$ContainerBackgroundProcessor.processChildren(ContainerBase.java:1381)
		at org.apache.catalina.core.ContainerBase$ContainerBackgroundProcessor.run(ContainerBase.java:1353)
		at java.lang.Thread.run(Thread.java:750)
10-Mar-2025 20:37:41.916 GRAVE [ContainerBackgroundProcessor[StandardEngine[Catalina]]] org.apache.catalina.users.MemoryUserDatabase.backgroundProcess Error reloading memory user database [UserDatabase] from updated source [file:/home/helio/Documentos/estudos-2025/Devops/tomcat/apache-tomcat-8.5.50/conf/tomcat-users.xml]
	org.xml.sax.SAXParseException; lineNumber: 46; columnNumber: 1; O conteúdo não é permitido na seção à esquerda.
		at com.sun.org.apache.xerces.internal.parsers.AbstractSAXParser.parse(AbstractSAXParser.java:1239)
		at com.sun.org.apache.xerces.internal.jaxp.SAXParserImpl$JAXPSAXParser.parse(SAXParserImpl.java:642)
		at org.apache.tomcat.util.digester.Digester.parse(Digester.java:1510)
		at org.apache.catalina.users.MemoryUserDatabase.open(MemoryUserDatabase.java:452)
		at org.apache.catalina.users.MemoryUserDatabase.backgroundProcess(MemoryUserDatabase.java:688)
		at org.apache.catalina.realm.UserDatabaseRealm.backgroundProcess(UserDatabaseRealm.java:160)
		at org.apache.catalina.realm.CombinedRealm.backgroundProcess(CombinedRealm.java:308)
		at org.apache.catalina.core.ContainerBase.backgroundProcess(ContainerBase.java:1145)
		at org.apache.catalina.core.ContainerBase$ContainerBackgroundProcessor.processChildren(ContainerBase.java:1381)
		at org.apache.catalina.core.ContainerBase$ContainerBackgroundProcessor.run(ContainerBase.java:1353)
		at java.lang.Thread.run(Thread.java:750)
10-Mar-2025 20:38:01.918 INFORMAÇÕES [ContainerBackgroundProcessor[StandardEngine[Catalina]]] org.apache.catalina.users.MemoryUserDatabase.backgroundProcess Reloading memory user database [UserDatabase] from updated source [file:/home/helio/Documentos/estudos-2025/Devops/tomcat/apache-tomcat-8.5.50/conf/tomcat-users.xml]
10-Mar-2025 20:53:00.630 INFORMAÇÕES [http-nio-8001-exec-6] org.apache.catalina.startup.HostConfig.deployWAR Deploying web application archive [/home/helio/Documentos/estudos-2025/Devops/tomcat/apache-tomcat-8.5.50/webapps/tasks-backend.war]

  .   ____          _            __ _ _
 /\\ / ___'_ __ _ _(_)_ __  __ _ \ \ \ \
( ( )\___ | '_ | '_| | '_ \/ _` | \ \ \ \
 \\/  ___)| |_)| | | | | || (_| |  ) ) ) )
  '  |____| .__|_| |_|_| |_\__, | / / / /
 =========|_|==============|___/=/_/_/_/
 :: Spring Boot ::        (v2.2.4.RELEASE)

2025-03-10 20:53:01.915  INFO 62703 --- [nio-8001-exec-6] b.c.w.t.TaskBackendApplication           : Starting TaskBackendApplication v0.0.1-SNAPSHOT on helio-INVALID with PID 62703 (/home/helio/Documentos/estudos-2025/Devops/tomcat/apache-tomcat-8.5.50/webapps/tasks-backend/WEB-INF/classes started by helio in /home/helio/Documentos/estudos-2025/Devops/tomcat/apache-tomcat-8.5.50/bin)
2025-03-10 20:53:01.918  INFO 62703 --- [nio-8001-exec-6] b.c.w.t.TaskBackendApplication           : No active profile set, falling back to default profiles: default
2025-03-10 20:53:02.414  INFO 62703 --- [nio-8001-exec-6] .s.d.r.c.RepositoryConfigurationDelegate : Bootstrapping Spring Data JPA repositories in DEFAULT mode.
2025-03-10 20:53:02.461  INFO 62703 --- [nio-8001-exec-6] .s.d.r.c.RepositoryConfigurationDelegate : Finished Spring Data repository scanning in 41ms. Found 1 JPA repository interfaces.
2025-03-10 20:53:02.691  INFO 62703 --- [nio-8001-exec-6] trationDelegate$BeanPostProcessorChecker : Bean 'org.springframework.transaction.annotation.ProxyTransactionManagementConfiguration' of type [org.springframework.transaction.annotation.ProxyTransactionManagementConfiguration] is not eligible for getting processed by all BeanPostProcessors (for example: not eligible for auto-proxying)
2025-03-10 20:53:02.713  INFO 62703 --- [nio-8001-exec-6] o.s.web.context.ContextLoader            : Root WebApplicationContext: initialization completed in 733 ms
2025-03-10 20:53:02.932  INFO 62703 --- [nio-8001-exec-6] o.hibernate.jpa.internal.util.LogHelper  : HHH000204: Processing PersistenceUnitInfo [name: default]
2025-03-10 20:53:02.986  INFO 62703 --- [nio-8001-exec-6] org.hibernate.Version                    : HHH000412: Hibernate Core {5.4.10.Final}
2025-03-10 20:53:03.092  INFO 62703 --- [nio-8001-exec-6] o.hibernate.annotations.common.Version   : HCANN000001: Hibernate Commons Annotations {5.1.0.Final}
2025-03-10 20:53:03.170  INFO 62703 --- [nio-8001-exec-6] com.zaxxer.hikari.HikariDataSource       : HikariPool-1 - Starting...
2025-03-10 20:53:03.227  INFO 62703 --- [nio-8001-exec-6] com.zaxxer.hikari.HikariDataSource       : HikariPool-1 - Start completed.
2025-03-10 20:53:03.239  INFO 62703 --- [nio-8001-exec-6] org.hibernate.dialect.Dialect            : HHH000400: Using dialect: org.hibernate.dialect.PostgreSQL9Dialect
2025-03-10 20:53:03.826  WARN 62703 --- [nio-8001-exec-6] o.h.engine.jdbc.spi.SqlExceptionHelper   : SQL Warning Code: 0, SQLState: 00000
2025-03-10 20:53:03.826  WARN 62703 --- [nio-8001-exec-6] o.h.engine.jdbc.spi.SqlExceptionHelper   : table "task" does not exist, skipping
2025-03-10 20:53:03.826  WARN 62703 --- [nio-8001-exec-6] o.h.engine.jdbc.spi.SqlExceptionHelper   : SQL Warning Code: 0, SQLState: 00000
2025-03-10 20:53:03.826  WARN 62703 --- [nio-8001-exec-6] o.h.engine.jdbc.spi.SqlExceptionHelper   : sequence "hibernate_sequence" does not exist, skipping
2025-03-10 20:53:03.836  INFO 62703 --- [nio-8001-exec-6] o.h.e.t.j.p.i.JtaPlatformInitiator       : HHH000490: Using JtaPlatform implementation: [org.hibernate.engine.transaction.jta.platform.internal.NoJtaPlatform]
2025-03-10 20:53:03.841  INFO 62703 --- [nio-8001-exec-6] j.LocalContainerEntityManagerFactoryBean : Initialized JPA EntityManagerFactory for persistence unit 'default'
2025-03-10 20:53:04.093  WARN 62703 --- [nio-8001-exec-6] JpaBaseConfiguration$JpaWebConfiguration : spring.jpa.open-in-view is enabled by default. Therefore, database queries may be performed during view rendering. Explicitly configure spring.jpa.open-in-view to disable this warning
2025-03-10 20:53:04.183  INFO 62703 --- [nio-8001-exec-6] o.s.s.concurrent.ThreadPoolTaskExecutor  : Initializing ExecutorService 'applicationTaskExecutor'
2025-03-10 20:53:04.319  INFO 62703 --- [nio-8001-exec-6] b.c.w.t.TaskBackendApplication           : Started TaskBackendApplication in 2.722 seconds (JVM running for 1083.123)
10-Mar-2025 20:53:04.339 INFORMAÇÕES [http-nio-8001-exec-6] org.apache.jasper.servlet.TldScanner.scanJars At least one JAR was scanned for TLDs yet contained no TLDs. Enable debug logging for this logger for a complete list of JARs that were scanned but no TLDs were found in them. Skipping unneeded JARs during scanning can improve startup time and JSP compilation time.
10-Mar-2025 20:53:04.344 INFORMAÇÕES [http-nio-8001-exec-6] org.apache.catalina.startup.HostConfig.deployWAR Deployment of web application archive [/home/helio/Documentos/estudos-2025/Devops/tomcat/apache-tomcat-8.5.50/webapps/tasks-backend.war] has finished in [3,714] ms
2025-03-10 20:54:12.141  INFO 62703 --- [nio-8001-exec-4] o.s.web.servlet.DispatcherServlet        : Initializing Servlet 'dispatcherServlet'
2025-03-10 20:54:12.147  INFO 62703 --- [nio-8001-exec-4] o.s.web.servlet.DispatcherServlet        : Completed initialization in 6 ms
10-Mar-2025 20:56:02.299 INFORMAÇÕES [http-nio-8001-exec-7] org.apache.catalina.startup.HostConfig.deployWAR Deploying web application archive [/home/helio/Documentos/estudos-2025/Devops/tomcat/apache-tomcat-8.5.50/webapps/tasks.war]

  .   ____          _            __ _ _
 /\\ / ___'_ __ _ _(_)_ __  __ _ \ \ \ \
( ( )\___ | '_ | '_| | '_ \/ _` | \ \ \ \
 \\/  ___)| |_)| | | | | || (_| |  ) ) ) )
  '  |____| .__|_| |_|_| |_\__, | / / / /
 =========|_|==============|___/=/_/_/_/
 :: Spring Boot ::        (v2.2.4.RELEASE)

2025-03-10 20:56:03.175  INFO 62703 --- [nio-8001-exec-7] b.c.w.t.TasksFrontendApplication         : Starting TasksFrontendApplication v0.0.1-SNAPSHOT on helio-INVALID with PID 62703 (/home/helio/Documentos/estudos-2025/Devops/tomcat/apache-tomcat-8.5.50/webapps/tasks/WEB-INF/classes started by helio in /home/helio/Documentos/estudos-2025/Devops/tomcat/apache-tomcat-8.5.50/bin)
2025-03-10 20:56:03.177  INFO 62703 --- [nio-8001-exec-7] b.c.w.t.TasksFrontendApplication         : No active profile set, falling back to default profiles: default
2025-03-10 20:56:03.620  INFO 62703 --- [nio-8001-exec-7] o.s.web.context.ContextLoader            : Root WebApplicationContext: initialization completed in 426 ms
2025-03-10 20:56:03.874  INFO 62703 --- [nio-8001-exec-7] o.s.s.concurrent.ThreadPoolTaskExecutor  : Initializing ExecutorService 'applicationTaskExecutor'
2025-03-10 20:56:03.930  INFO 62703 --- [nio-8001-exec-7] o.s.b.a.w.s.WelcomePageHandlerMapping    : Adding welcome page template: index
2025-03-10 20:56:04.005  INFO 62703 --- [nio-8001-exec-7] b.c.w.t.TasksFrontendApplication         : Started TasksFrontendApplication in 1.063 seconds (JVM running for 1262.809)
2025-03-10 20:56:04.008  INFO 62703 --- [nio-8001-exec-7] b.c.w.tasksfrontend.ServletInitializer   : Root context already created (using as parent).

  .   ____          _            __ _ _
 /\\ / ___'_ __ _ _(_)_ __  __ _ \ \ \ \
( ( )\___ | '_ | '_| | '_ \/ _` | \ \ \ \
 \\/  ___)| |_)| | | | | || (_| |  ) ) ) )
  '  |____| .__|_| |_|_| |_\__, | / / / /
 =========|_|==============|___/=/_/_/_/
 :: Spring Boot ::        (v2.2.4.RELEASE)

2025-03-10 20:56:04.024  INFO 62703 --- [nio-8001-exec-7] b.c.w.tasksfrontend.ServletInitializer   : No active profile set, falling back to default profiles: default
2025-03-10 20:56:04.116  INFO 62703 --- [nio-8001-exec-7] o.s.web.context.ContextLoader            : Root WebApplicationContext: initialization completed in 89 ms
2025-03-10 20:56:04.117  INFO 62703 --- [nio-8001-exec-7] o.s.boot.web.servlet.RegistrationBean    : Filter errorPageFilter was not registered (possibly already registered?)
2025-03-10 20:56:04.130  INFO 62703 --- [nio-8001-exec-7] b.c.w.tasksfrontend.ServletInitializer   : Started ServletInitializer in 0.121 seconds (JVM running for 1262.934)
10-Mar-2025 20:56:04.144 INFORMAÇÕES [http-nio-8001-exec-7] org.apache.jasper.servlet.TldScanner.scanJars At least one JAR was scanned for TLDs yet contained no TLDs. Enable debug logging for this logger for a complete list of JARs that were scanned but no TLDs were found in them. Skipping unneeded JARs during scanning can improve startup time and JSP compilation time.
10-Mar-2025 20:56:04.148 INFORMAÇÕES [http-nio-8001-exec-7] org.apache.catalina.startup.HostConfig.deployWAR Deployment of web application archive [/home/helio/Documentos/estudos-2025/Devops/tomcat/apache-tomcat-8.5.50/webapps/tasks.war] has finished in [1,849] ms
2025-03-10 21:00:07.833  INFO 62703 --- [nio-8001-exec-1] o.s.web.servlet.DispatcherServlet        : Initializing Servlet 'dispatcherServlet'
2025-03-10 21:00:07.838  INFO 62703 --- [nio-8001-exec-1] o.s.web.servlet.DispatcherServlet        : Completed initialization in 4 ms
2025-03-10 21:01:00.849 ERROR 62703 --- [nio-8001-exec-5] o.s.b.w.servlet.support.ErrorPageFilter  : Forwarding to error page from request [/delete/2] due to exception [404 : [{"timestamp":"2025-03-11T00:01:00.836+0000","status":404,"error":"Not Found","message":"No message available","path":"/tasks-backend/todo/2"}]]

org.springframework.web.client.HttpClientErrorException$NotFound: 404 : [{"timestamp":"2025-03-11T00:01:00.836+0000","status":404,"error":"Not Found","message":"No message available","path":"/tasks-backend/todo/2"}]
	at org.springframework.web.client.HttpClientErrorException.create(HttpClientErrorException.java:113) ~[spring-web-5.2.3.RELEASE.jar:5.2.3.RELEASE]
	at org.springframework.web.client.DefaultResponseErrorHandler.handleError(DefaultResponseErrorHandler.java:170) ~[spring-web-5.2.3.RELEASE.jar:5.2.3.RELEASE]
	at org.springframework.web.client.DefaultResponseErrorHandler.handleError(DefaultResponseErrorHandler.java:112) ~[spring-web-5.2.3.RELEASE.jar:5.2.3.RELEASE]
	at org.springframework.web.client.ResponseErrorHandler.handleError(ResponseErrorHandler.java:63) ~[spring-web-5.2.3.RELEASE.jar:5.2.3.RELEASE]
	at org.springframework.web.client.RestTemplate.handleResponse(RestTemplate.java:785) ~[spring-web-5.2.3.RELEASE.jar:5.2.3.RELEASE]
	at org.springframework.web.client.RestTemplate.doExecute(RestTemplate.java:743) ~[spring-web-5.2.3.RELEASE.jar:5.2.3.RELEASE]
	at org.springframework.web.client.RestTemplate.execute(RestTemplate.java:677) ~[spring-web-5.2.3.RELEASE.jar:5.2.3.RELEASE]
	at org.springframework.web.client.RestTemplate.delete(RestTemplate.java:539) ~[spring-web-5.2.3.RELEASE.jar:5.2.3.RELEASE]
	at br.ce.wcaquino.tasksfrontend.controller.TasksController.delete(TasksController.java:70) ~[classes/:0.0.1-SNAPSHOT]
	at sun.reflect.NativeMethodAccessorImpl.invoke0(Native Method) ~[na:1.8.0_442]
	at sun.reflect.NativeMethodAccessorImpl.invoke(NativeMethodAccessorImpl.java:62) ~[na:1.8.0_442]
	at sun.reflect.DelegatingMethodAccessorImpl.invoke(DelegatingMethodAccessorImpl.java:43) ~[na:1.8.0_442]
	at java.lang.reflect.Method.invoke(Method.java:498) ~[na:1.8.0_442]
	at org.springframework.web.method.support.InvocableHandlerMethod.doInvoke(InvocableHandlerMethod.java:190) ~[spring-web-5.2.3.RELEASE.jar:5.2.3.RELEASE]
	at org.springframework.web.method.support.InvocableHandlerMethod.invokeForRequest(InvocableHandlerMethod.java:138) ~[spring-web-5.2.3.RELEASE.jar:5.2.3.RELEASE]
	at org.springframework.web.servlet.mvc.method.annotation.ServletInvocableHandlerMethod.invokeAndHandle(ServletInvocableHandlerMethod.java:106) ~[spring-webmvc-5.2.3.RELEASE.jar:5.2.3.RELEASE]
	at org.springframework.web.servlet.mvc.method.annotation.RequestMappingHandlerAdapter.invokeHandlerMethod(RequestMappingHandlerAdapter.java:888) ~[spring-webmvc-5.2.3.RELEASE.jar:5.2.3.RELEASE]
	at org.springframework.web.servlet.mvc.method.annotation.RequestMappingHandlerAdapter.handleInternal(RequestMappingHandlerAdapter.java:793) ~[spring-webmvc-5.2.3.RELEASE.jar:5.2.3.RELEASE]
	at org.springframework.web.servlet.mvc.method.AbstractHandlerMethodAdapter.handle(AbstractHandlerMethodAdapter.java:87) ~[spring-webmvc-5.2.3.RELEASE.jar:5.2.3.RELEASE]
	at org.springframework.web.servlet.DispatcherServlet.doDispatch(DispatcherServlet.java:1040) ~[spring-webmvc-5.2.3.RELEASE.jar:5.2.3.RELEASE]
	at org.springframework.web.servlet.DispatcherServlet.doService(DispatcherServlet.java:943) ~[spring-webmvc-5.2.3.RELEASE.jar:5.2.3.RELEASE]
	at org.springframework.web.servlet.FrameworkServlet.processRequest(FrameworkServlet.java:1006) ~[spring-webmvc-5.2.3.RELEASE.jar:5.2.3.RELEASE]
	at org.springframework.web.servlet.FrameworkServlet.doGet(FrameworkServlet.java:898) ~[spring-webmvc-5.2.3.RELEASE.jar:5.2.3.RELEASE]
	at javax.servlet.http.HttpServlet.service(HttpServlet.java:634) ~[servlet-api.jar:na]
	at org.springframework.web.servlet.FrameworkServlet.service(FrameworkServlet.java:883) ~[spring-webmvc-5.2.3.RELEASE.jar:5.2.3.RELEASE]
	at javax.servlet.http.HttpServlet.service(HttpServlet.java:741) ~[servlet-api.jar:na]
	at org.apache.catalina.core.ApplicationFilterChain.internalDoFilter(ApplicationFilterChain.java:231) [catalina.jar:8.5.50]
	at org.apache.catalina.core.ApplicationFilterChain.doFilter(ApplicationFilterChain.java:166) [catalina.jar:8.5.50]
	at org.apache.tomcat.websocket.server.WsFilter.doFilter(WsFilter.java:52) ~[tomcat-websocket.jar:8.5.50]
	at org.apache.catalina.core.ApplicationFilterChain.internalDoFilter(ApplicationFilterChain.java:193) [catalina.jar:8.5.50]
	at org.apache.catalina.core.ApplicationFilterChain.doFilter(ApplicationFilterChain.java:166) [catalina.jar:8.5.50]
	at org.springframework.web.filter.RequestContextFilter.doFilterInternal(RequestContextFilter.java:100) ~[spring-web-5.2.3.RELEASE.jar:5.2.3.RELEASE]
	at org.springframework.web.filter.OncePerRequestFilter.doFilter(OncePerRequestFilter.java:119) [spring-web-5.2.3.RELEASE.jar:5.2.3.RELEASE]
	at org.apache.catalina.core.ApplicationFilterChain.internalDoFilter(ApplicationFilterChain.java:193) [catalina.jar:8.5.50]
	at org.apache.catalina.core.ApplicationFilterChain.doFilter(ApplicationFilterChain.java:166) [catalina.jar:8.5.50]
	at org.springframework.web.filter.FormContentFilter.doFilterInternal(FormContentFilter.java:93) ~[spring-web-5.2.3.RELEASE.jar:5.2.3.RELEASE]
	at org.springframework.web.filter.OncePerRequestFilter.doFilter(OncePerRequestFilter.java:119) [spring-web-5.2.3.RELEASE.jar:5.2.3.RELEASE]
	at org.apache.catalina.core.ApplicationFilterChain.internalDoFilter(ApplicationFilterChain.java:193) [catalina.jar:8.5.50]
	at org.apache.catalina.core.ApplicationFilterChain.doFilter(ApplicationFilterChain.java:166) [catalina.jar:8.5.50]
	at org.springframework.boot.web.servlet.support.ErrorPageFilter.doFilter(ErrorPageFilter.java:128) [spring-boot-2.2.4.RELEASE.jar:2.2.4.RELEASE]
	at org.springframework.boot.web.servlet.support.ErrorPageFilter.access$000(ErrorPageFilter.java:66) [spring-boot-2.2.4.RELEASE.jar:2.2.4.RELEASE]
	at org.springframework.boot.web.servlet.support.ErrorPageFilter$1.doFilterInternal(ErrorPageFilter.java:103) [spring-boot-2.2.4.RELEASE.jar:2.2.4.RELEASE]
	at org.springframework.web.filter.OncePerRequestFilter.doFilter(OncePerRequestFilter.java:119) [spring-web-5.2.3.RELEASE.jar:5.2.3.RELEASE]
	at org.springframework.boot.web.servlet.support.ErrorPageFilter.doFilter(ErrorPageFilter.java:121) [spring-boot-2.2.4.RELEASE.jar:2.2.4.RELEASE]
	at org.apache.catalina.core.ApplicationFilterChain.internalDoFilter(ApplicationFilterChain.java:193) [catalina.jar:8.5.50]
	at org.apache.catalina.core.ApplicationFilterChain.doFilter(ApplicationFilterChain.java:166) [catalina.jar:8.5.50]
	at org.springframework.web.filter.CharacterEncodingFilter.doFilterInternal(CharacterEncodingFilter.java:201) [spring-web-5.2.3.RELEASE.jar:5.2.3.RELEASE]
	at org.springframework.web.filter.OncePerRequestFilter.doFilter(OncePerRequestFilter.java:119) [spring-web-5.2.3.RELEASE.jar:5.2.3.RELEASE]
	at org.apache.catalina.core.ApplicationFilterChain.internalDoFilter(ApplicationFilterChain.java:193) [catalina.jar:8.5.50]
	at org.apache.catalina.core.ApplicationFilterChain.doFilter(ApplicationFilterChain.java:166) [catalina.jar:8.5.50]
	at org.apache.catalina.core.StandardWrapperValve.invoke(StandardWrapperValve.java:199) [catalina.jar:8.5.50]
	at org.apache.catalina.core.StandardContextValve.invoke(StandardContextValve.java:96) [catalina.jar:8.5.50]
	at org.apache.catalina.authenticator.AuthenticatorBase.invoke(AuthenticatorBase.java:543) [catalina.jar:8.5.50]
	at org.apache.catalina.core.StandardHostValve.invoke(StandardHostValve.java:139) [catalina.jar:8.5.50]
	at org.apache.catalina.valves.ErrorReportValve.invoke(ErrorReportValve.java:81) [catalina.jar:8.5.50]
	at org.apache.catalina.valves.AbstractAccessLogValve.invoke(AbstractAccessLogValve.java:678) [catalina.jar:8.5.50]
	at org.apache.catalina.core.StandardEngineValve.invoke(StandardEngineValve.java:87) [catalina.jar:8.5.50]
	at org.apache.catalina.connector.CoyoteAdapter.service(CoyoteAdapter.java:343) [catalina.jar:8.5.50]
	at org.apache.coyote.http11.Http11Processor.service(Http11Processor.java:609) [tomcat-coyote.jar:8.5.50]
	at org.apache.coyote.AbstractProcessorLight.process(AbstractProcessorLight.java:65) [tomcat-coyote.jar:8.5.50]
	at org.apache.coyote.AbstractProtocol$ConnectionHandler.process(AbstractProtocol.java:810) [tomcat-coyote.jar:8.5.50]
	at org.apache.tomcat.util.net.NioEndpoint$SocketProcessor.doRun(NioEndpoint.java:1623) [tomcat-coyote.jar:8.5.50]
	at org.apache.tomcat.util.net.SocketProcessorBase.run(SocketProcessorBase.java:49) [tomcat-coyote.jar:8.5.50]
	at java.util.concurrent.ThreadPoolExecutor.runWorker(ThreadPoolExecutor.java:1149) [na:1.8.0_442]
	at java.util.concurrent.ThreadPoolExecutor$Worker.run(ThreadPoolExecutor.java:624) [na:1.8.0_442]
	at org.apache.tomcat.util.threads.TaskThread$WrappingRunnable.run(TaskThread.java:61) [tomcat-util.jar:8.5.50]
	at java.lang.Thread.run(Thread.java:750) [na:1.8.0_442]

